<?xml version="1.0" encoding="utf-8" standalone="no"?>
<!--This file represents the results of running a test suite-->
<test-results name="E:\SampeProgram\SeleniumDelegates\bin\Debug\SeleniumDelegates.dll" total="1" errors="0" failures="0" not-run="0" inconclusive="0" ignored="0" skipped="0" invalid="0" date="2017-03-05" time="21:15:51">
  <environment nunit-version="2.6.3.13283" clr-version="2.0.50727.8000" os-version="Microsoft Windows NT 6.2.9200.0" platform="Win32NT" cwd="C:\Users\Raviteja\Downloads\NUnit-2.6.3\NUnit-2.6.3\bin" machine-name="RAVIPC" user="seetha" user-domain="RAVIPC" />
  <culture-info current-culture="en-IN" current-uiculture="en-US" />
  <test-suite type="Assembly" name="E:\SampeProgram\SeleniumDelegates\bin\Debug\SeleniumDelegates.dll" executed="True" result="Success" success="True" time="8.821" asserts="0">
    <results>
      <test-suite type="Namespace" name="SeleniumDelegates" executed="True" result="Success" success="True" time="8.807" asserts="0">
        <results>
          <test-suite type="TestFixture" name="TestScript" executed="True" result="Success" success="True" time="8.792" asserts="0">
            <results>
              <test-case name="SeleniumDelegates.TestScript.DelegateExample" executed="True" result="Success" success="True" time="3.608" asserts="0" />
            </results>
          </test-suite>
        </results>
      </test-suite>
    </results>
  </test-suite>
</test-results>