<?xml version="1.0" encoding="utf-8" standalone="no"?>
<!--This file represents the results of running a test suite-->
<test-results name="E:\SampeProgram\Log4Example\bin\Debug\Log4Example.dll" total="1" errors="0" failures="0" not-run="0" inconclusive="0" ignored="0" skipped="0" invalid="0" date="2016-10-23" time="23:14:56">
  <environment nunit-version="2.6.3.13283" clr-version="2.0.50727.8000" os-version="Microsoft Windows NT 6.2.9200.0" platform="Win32NT" cwd="C:\Users\Raviteja\Downloads\NUnit-2.6.3\NUnit-2.6.3\bin" machine-name="RAVIPC" user="seetha" user-domain="RAVIPC" />
  <culture-info current-culture="en-IN" current-uiculture="en-US" />
  <test-suite type="Assembly" name="E:\SampeProgram\Log4Example\bin\Debug\Log4Example.dll" executed="True" result="Success" success="True" time="0.226" asserts="0">
    <results>
      <test-suite type="Namespace" name="Log4Example" executed="True" result="Success" success="True" time="0.201" asserts="0">
        <results>
          <test-suite type="TestFixture" name="LogClass" executed="True" result="Success" success="True" time="0.200" asserts="0">
            <results>
              <test-case name="Log4Example.LogClass.SampleLog" executed="True" result="Success" success="True" time="0.035" asserts="0" />
            </results>
          </test-suite>
        </results>
      </test-suite>
    </results>
  </test-suite>
</test-results>